#
# There is insufficient memory for the Java Runtime Environment to continue.
# Native memory allocation (mmap) failed to map 32505856 bytes for G1 virtual space
# Possible reasons:
#   The system is out of physical RAM or swap space
#   The process is running with CompressedOops enabled, and the Java Heap may be blocking the growth of the native heap
# Possible solutions:
#   Reduce memory load on the system
#   Increase physical memory or swap space
#   Check if swap backing store is full
#   Decrease Java heap size (-Xmx/-Xms)
#   Decrease number of Java threads
#   Decrease Java thread stack sizes (-Xss)
#   Set larger code cache with -XX:ReservedCodeCacheSize=
#   JVM is running with Unscaled Compressed Oops mode in which the Java heap is
#     placed in the first 4GB address space. The Java Heap base address is the
#     maximum limit for the native heap growth. Please use -XX:HeapBaseMinAddress
#     to set the Java Heap base and to place the Java Heap above 4GB virtual address.
# This output file may be truncated or incomplete.
#
#  Out of Memory Error (os_windows.cpp:3527), pid=36184, tid=39272
#
# JRE version: OpenJDK Runtime Environment Temurin-19.0.1+10 (19.0.1+10) (build 19.0.1+10)
# Java VM: OpenJDK 64-Bit Server VM Temurin-19.0.1+10 (19.0.1+10, mixed mode, tiered, compressed oops, compressed class ptrs, g1 gc, windows-amd64)
# No core dump will be written. Minidumps are not enabled by default on client versions of Windows
#

---------------  S U M M A R Y ------------

Command Line: -ea --add-opens=java.base/java.lang=ALL-UNNAMED --add-opens=java.base/java.lang.reflect=ALL-UNNAMED -Dfile.encoding=UTF-8 -XX:+ShowCodeDetailsInExceptionMessages org.testng.remote.RemoteTestNG -serport 59968 -protocol json -d C:\Users\rahul\eclipse-workspace\final\AppiumEnterpriseApp\test-output C:\Users\rahul\eclipse-workspace\final\AppiumEnterpriseApp\testng.xml

Host: Intel(R) Core(TM) i5-1035G1 CPU @ 1.00GHz, 8 cores, 7G,  Windows 11 , 64 bit Build 22621 (10.0.22621.4974)
Time: Wed Apr  2 10:31:34 2025 India Standard Time elapsed time: 17.711368 seconds (0d 0h 0m 17s)

---------------  T H R E A D  ---------------

Current thread (0x0000020bbb5bf470):  VMThread "VM Thread" [stack: 0x0000007a6de00000,0x0000007a6df00000] [id=39272]

Stack: [0x0000007a6de00000,0x0000007a6df00000]
Native frames: (J=compiled Java code, j=interpreted, Vv=VM code, C=native code)
V  [jvm.dll+0x6eb29a]
V  [jvm.dll+0x8a4e60]
V  [jvm.dll+0x8a684e]
V  [jvm.dll+0x8a6f03]
V  [jvm.dll+0x27c07f]
V  [jvm.dll+0x6e8099]
V  [jvm.dll+0x6dcb4a]
V  [jvm.dll+0x3524db]
V  [jvm.dll+0x359e96]
V  [jvm.dll+0x3b097e]
V  [jvm.dll+0x3b0baf]
V  [jvm.dll+0x327a8a]
V  [jvm.dll+0x327b37]
V  [jvm.dll+0x370142]
V  [jvm.dll+0x36e5e4]
V  [jvm.dll+0x327250]
V  [jvm.dll+0x36db7b]
V  [jvm.dll+0x8ac053]
V  [jvm.dll+0x8ace19]
V  [jvm.dll+0x8ad34d]
V  [jvm.dll+0x8ad7db]
V  [jvm.dll+0x8ad897]
V  [jvm.dll+0x84f09a]
V  [jvm.dll+0x6e9f8b]
C  [ucrtbase.dll+0x29333]
C  [KERNEL32.DLL+0x1259d]
C  [ntdll.dll+0x5af38]

VM_Operation (0x0000007a6d8fd850): G1CollectForAllocation, mode: safepoint, requested by thread 0x0000020b9f520550


---------------  P R O C E S S  ---------------

Threads class SMR info:
_java_thread_list=0x0000020bc116bf30, length=26, elements={
0x0000020b9f520550, 0x0000020bbb605510, 0x0000020bbb606300, 0x0000020bbf88dce0,
0x0000020bbf88e920, 0x0000020bbf8936b0, 0x0000020bbf895c20, 0x0000020bbf8970a0,
0x0000020bbf87ad20, 0x0000020bbf877ac0, 0x0000020bbfa27140, 0x0000020bbfa2aef0,
0x0000020bbfdacb10, 0x0000020bc0eb1470, 0x0000020bc0eb19b0, 0x0000020bc0f40110,
0x0000020bc0f40a20, 0x0000020bc0dd8560, 0x0000020bc0dd8aa0, 0x0000020bc0ff7420,
0x0000020bc029c8f0, 0x0000020bc029e8d0, 0x0000020bc029e380, 0x0000020bc029ce40,
0x0000020bc029d390, 0x0000020bc029b3b0
}

Java Threads: ( => current thread )
  0x0000020b9f520550 JavaThread "main" [_thread_blocked, id=4400, stack(0x0000007a6d800000,0x0000007a6d900000)]
  0x0000020bbb605510 JavaThread "Reference Handler" daemon [_thread_blocked, id=36780, stack(0x0000007a6df00000,0x0000007a6e000000)]
  0x0000020bbb606300 JavaThread "Finalizer" daemon [_thread_blocked, id=9180, stack(0x0000007a6e000000,0x0000007a6e100000)]
  0x0000020bbf88dce0 JavaThread "Signal Dispatcher" daemon [_thread_blocked, id=17600, stack(0x0000007a6e100000,0x0000007a6e200000)]
  0x0000020bbf88e920 JavaThread "Attach Listener" daemon [_thread_blocked, id=20992, stack(0x0000007a6e200000,0x0000007a6e300000)]
  0x0000020bbf8936b0 JavaThread "Service Thread" daemon [_thread_blocked, id=38232, stack(0x0000007a6e300000,0x0000007a6e400000)]
  0x0000020bbf895c20 JavaThread "Monitor Deflation Thread" daemon [_thread_blocked, id=41008, stack(0x0000007a6e400000,0x0000007a6e500000)]
  0x0000020bbf8970a0 JavaThread "C2 CompilerThread0" daemon [_thread_blocked, id=15084, stack(0x0000007a6e500000,0x0000007a6e600000)]
  0x0000020bbf87ad20 JavaThread "C1 CompilerThread0" daemon [_thread_blocked, id=1272, stack(0x0000007a6e600000,0x0000007a6e700000)]
  0x0000020bbf877ac0 JavaThread "Sweeper thread" daemon [_thread_blocked, id=16040, stack(0x0000007a6e700000,0x0000007a6e800000)]
  0x0000020bbfa27140 JavaThread "Common-Cleaner" daemon [_thread_blocked, id=2728, stack(0x0000007a6e800000,0x0000007a6e900000)]
  0x0000020bbfa2aef0 JavaThread "Notification Thread" daemon [_thread_blocked, id=31276, stack(0x0000007a6e900000,0x0000007a6ea00000)]
  0x0000020bbfdacb10 JavaThread "ReaderThread" [_thread_in_native, id=31284, stack(0x0000007a6ec00000,0x0000007a6ed00000)]
  0x0000020bc0eb1470 JavaThread "ForkJoinPool.commonPool-worker-1" daemon [_thread_blocked, id=31392, stack(0x0000007a6f500000,0x0000007a6f600000)]
  0x0000020bc0eb19b0 JavaThread "ForkJoinPool.commonPool-worker-2" daemon [_thread_blocked, id=36300, stack(0x0000007a6f600000,0x0000007a6f700000)]
  0x0000020bc0f40110 JavaThread "Exec Default Executor" daemon [_thread_in_native, id=31468, stack(0x0000007a6f700000,0x0000007a6f800000)]
  0x0000020bc0f40a20 JavaThread "UrlChecker-2" daemon [_thread_blocked, id=23536, stack(0x0000007a6f800000,0x0000007a6f900000)]
  0x0000020bc0dd8560 JavaThread "Exec Stream Pumper" daemon [_thread_in_native, id=33104, stack(0x0000007a6f900000,0x0000007a6fa00000)]
  0x0000020bc0dd8aa0 JavaThread "Exec Stream Pumper" daemon [_thread_in_native, id=29888, stack(0x0000007a6fa00000,0x0000007a6fb00000)]
  0x0000020bc0ff7420 JavaThread "Keep-Alive-Timer" daemon [_thread_blocked, id=24312, stack(0x0000007a6fb00000,0x0000007a6fc00000)]
  0x0000020bc029c8f0 JavaThread "AsyncHttpClient-1-1" daemon [_thread_blocked, id=34544, stack(0x0000007a6fc00000,0x0000007a6fd00000)]
  0x0000020bc029e8d0 JavaThread "AsyncHttpClient-1-2" daemon [_thread_in_native, id=37768, stack(0x0000007a6fd00000,0x0000007a6fe00000)]
  0x0000020bc029e380 JavaThread "Exec Default Executor" daemon [_thread_in_native, id=38464, stack(0x0000007a6fe00000,0x0000007a6ff00000)]
  0x0000020bc029ce40 JavaThread "Exec Stream Pumper" daemon [_thread_in_native, id=15508, stack(0x0000007a6ff00000,0x0000007a70000000)]
  0x0000020bc029d390 JavaThread "Exec Stream Pumper" daemon [_thread_in_native, id=29844, stack(0x0000007a70000000,0x0000007a70100000)]
  0x0000020bc029b3b0 JavaThread "AsyncHttpClient-1-3" daemon [_thread_in_native, id=7436, stack(0x0000007a70100000,0x0000007a70200000)]

Other Threads:
=>0x0000020bbb5bf470 VMThread "VM Thread" [stack: 0x0000007a6de00000,0x0000007a6df00000] [id=39272]
  0x0000020bbfa2f440 WatcherThread "VM Periodic Task Thread" [stack: 0x0000007a6ea00000,0x0000007a6eb00000] [id=33880]
  0x0000020b9f582780 WorkerThread "GC Thread#0" [stack: 0x0000007a6d900000,0x0000007a6da00000] [id=408]
  0x0000020bc0a76f10 WorkerThread "GC Thread#1" [stack: 0x0000007a6ed00000,0x0000007a6ee00000] [id=20460]
  0x0000020bc0aa1390 WorkerThread "GC Thread#2" [stack: 0x0000007a6ee00000,0x0000007a6ef00000] [id=21820]
  0x0000020bc0b8d160 WorkerThread "GC Thread#3" [stack: 0x0000007a6ef00000,0x0000007a6f000000] [id=15908]
  0x0000020bc0b8c8f0 WorkerThread "GC Thread#4" [stack: 0x0000007a6f000000,0x0000007a6f100000] [id=32476]
  0x0000020bc0b8dca0 WorkerThread "GC Thread#5" [stack: 0x0000007a6f100000,0x0000007a6f200000] [id=31188]
  0x0000020bc0b8d430 WorkerThread "GC Thread#6" [stack: 0x0000007a6f200000,0x0000007a6f300000] [id=9740]
  0x0000020bc0b8c350 WorkerThread "GC Thread#7" [stack: 0x0000007a6f300000,0x0000007a6f400000] [id=24220]
  0x0000020b9f5940b0 ConcurrentGCThread "G1 Main Marker" [stack: 0x0000007a6da00000,0x0000007a6db00000] [id=18376]
  0x0000020b9f595420 WorkerThread "G1 Conc#0" [stack: 0x0000007a6db00000,0x0000007a6dc00000] [id=35416]
  0x0000020bc0b8cbc0 WorkerThread "G1 Conc#1" [stack: 0x0000007a6f400000,0x0000007a6f500000] [id=37724]
  0x0000020b9f5ceb30 ConcurrentGCThread "G1 Refine#0" [stack: 0x0000007a6dc00000,0x0000007a6dd00000] [id=6308]
  0x0000020bbb46a8b0 ConcurrentGCThread "G1 Service" [stack: 0x0000007a6dd00000,0x0000007a6de00000] [id=38172]

Threads with active compile tasks:
C2 CompilerThread0    17733 2881       4       java.util.concurrent.ConcurrentHashMap::get (162 bytes)

VM state: at safepoint (normal execution)

VM Mutex/Monitor currently owned by a thread:  ([mutex/lock_event])
[0x0000020b9f505500] Threads_lock - owner thread: 0x0000020bbb5bf470
[0x0000020b9f505860] Heap_lock - owner thread: 0x0000020b9f520550

Heap address: 0x0000000083200000, size: 1998 MB, Compressed Oops mode: 32-bit

CDS archive(s) not mapped
Compressed class space mapped at: 0x0000000100000000-0x0000000140000000, reserved size: 1073741824
Narrow klass base: 0x0000000000000000, Narrow klass shift: 3, Narrow klass range: 0x140000000

GC Precious Log:
 CardTable entry size: 512
 Card Set container configuration: InlinePtr #cards 5 size 8 Array Of Cards #cards 12 size 40 Howl #buckets 4 coarsen threshold 1843 Howl Bitmap #cards 512 size 80 coarsen threshold 460 Card regions per heap region 1 cards per card region 2048
 CPUs: 8 total, 8 available
 Memory: 7987M
 Large Page Support: Disabled
 NUMA Support: Disabled
 Compressed Oops: Enabled (32-bit)
 Heap Region Size: 1M
 Heap Min Capacity: 8M
 Heap Initial Capacity: 126M
 Heap Max Capacity: 1998M
 Pre-touch: Disabled
 Parallel Workers: 8
 Concurrent Workers: 2
 Concurrent Refinement Workers: 8
 Periodic GC: Disabled

Heap:
 garbage-first heap   total 43008K, used 24559K [0x0000000083200000, 0x0000000100000000)
  region size 1024K, 1 young (1024K), 1 survivors (1024K)
 Metaspace       used 40992K, committed 41280K, reserved 1114112K
  class space    used 4524K, committed 4672K, reserved 1048576K

Heap Regions: E=young(eden), S=young(survivor), O=old, HS=humongous(starts), HC=humongous(continues), CS=collection set, F=free, OA=open archive, CA=closed archive, TAMS=top-at-mark-start (previous, next)
|   0|0x0000000083200000, 0x0000000083300000, 0x0000000083300000|100%| O|  |TAMS 0x0000000083300000, 0x0000000083200000| Untracked 
|   1|0x0000000083300000, 0x0000000083400000, 0x0000000083400000|100%| O|  |TAMS 0x0000000083400000, 0x0000000083300000| Untracked 
|   2|0x0000000083400000, 0x0000000083500000, 0x0000000083500000|100%| O|  |TAMS 0x0000000083500000, 0x0000000083400000| Untracked 
|   3|0x0000000083500000, 0x0000000083600000, 0x0000000083600000|100%| O|  |TAMS 0x0000000083600000, 0x0000000083500000| Untracked 
|   4|0x0000000083600000, 0x0000000083700000, 0x0000000083700000|100%| O|  |TAMS 0x0000000083700000, 0x0000000083600000| Untracked 
|   5|0x0000000083700000, 0x0000000083700000, 0x0000000083800000|  0%| F|  |TAMS 0x0000000083700000, 0x0000000083700000| Untracked 
|   6|0x0000000083800000, 0x0000000083900000, 0x0000000083900000|100%| O|  |TAMS 0x0000000083900000, 0x0000000083800000| Untracked 
|   7|0x0000000083900000, 0x0000000083a00000, 0x0000000083a00000|100%| O|  |TAMS 0x0000000083a00000, 0x0000000083900000| Untracked 
|   8|0x0000000083a00000, 0x0000000083b00000, 0x0000000083b00000|100%| O|  |TAMS 0x0000000083b00000, 0x0000000083a00000| Untracked 
|   9|0x0000000083b00000, 0x0000000083c00000, 0x0000000083c00000|100%| O|  |TAMS 0x0000000083c00000, 0x0000000083b00000| Untracked 
|  10|0x0000000083c00000, 0x0000000083d00000, 0x0000000083d00000|100%| O|  |TAMS 0x0000000083d00000, 0x0000000083c00000| Complete 
|  11|0x0000000083d00000, 0x0000000083e00000, 0x0000000083e00000|100%| O|  |TAMS 0x0000000083e00000, 0x0000000083d00000| Untracked 
|  12|0x0000000083e00000, 0x0000000083f00000, 0x0000000083f00000|100%|HS|  |TAMS 0x0000000083f00000, 0x0000000083e00000| Complete 
|  13|0x0000000083f00000, 0x0000000084000000, 0x0000000084000000|100%|HC|  |TAMS 0x0000000084000000, 0x0000000083f00000| Complete 
|  14|0x0000000084000000, 0x0000000084100000, 0x0000000084100000|100%|HC|  |TAMS 0x0000000084100000, 0x0000000084000000| Complete 
|  15|0x0000000084100000, 0x0000000084200000, 0x0000000084200000|100%|HC|  |TAMS 0x0000000084200000, 0x0000000084100000| Complete 
|  16|0x0000000084200000, 0x0000000084300000, 0x0000000084300000|100%|HC|  |TAMS 0x0000000084300000, 0x0000000084200000| Complete 
|  17|0x0000000084300000, 0x0000000084400000, 0x0000000084400000|100%|HS|  |TAMS 0x0000000084400000, 0x0000000084300000| Complete 
|  18|0x0000000084400000, 0x0000000084500000, 0x0000000084500000|100%|HC|  |TAMS 0x0000000084500000, 0x0000000084400000| Complete 
|  19|0x0000000084500000, 0x0000000084600000, 0x0000000084600000|100%|HC|  |TAMS 0x0000000084600000, 0x0000000084500000| Complete 
|  20|0x0000000084600000, 0x0000000084700000, 0x0000000084700000|100%|HC|  |TAMS 0x0000000084700000, 0x0000000084600000| Complete 
|  21|0x0000000084700000, 0x0000000084800000, 0x0000000084800000|100%|HC|  |TAMS 0x0000000084800000, 0x0000000084700000| Complete 
|  22|0x0000000084800000, 0x0000000084900000, 0x0000000084900000|100%| O|  |TAMS 0x0000000084900000, 0x0000000084800000| Untracked 
|  23|0x0000000084900000, 0x00000000849fbe00, 0x0000000084a00000| 98%| O|  |TAMS 0x00000000849b6800, 0x0000000084900000| Untracked 
|  24|0x0000000084a00000, 0x0000000084a00000, 0x0000000084b00000|  0%| F|  |TAMS 0x0000000084a00000, 0x0000000084a00000| Untracked 
|  25|0x0000000084b00000, 0x0000000084b00000, 0x0000000084c00000|  0%| F|  |TAMS 0x0000000084b00000, 0x0000000084b00000| Untracked 
|  26|0x0000000084c00000, 0x0000000084c00000, 0x0000000084d00000|  0%| F|  |TAMS 0x0000000084c00000, 0x0000000084c00000| Untracked 
|  27|0x0000000084d00000, 0x0000000084d00000, 0x0000000084e00000|  0%| F|  |TAMS 0x0000000084d00000, 0x0000000084d00000| Untracked 
|  28|0x0000000084e00000, 0x0000000084e00000, 0x0000000084f00000|  0%| F|  |TAMS 0x0000000084e00000, 0x0000000084e00000| Untracked 
|  29|0x0000000084f00000, 0x0000000084f00000, 0x0000000085000000|  0%| F|  |TAMS 0x0000000084f00000, 0x0000000084f00000| Untracked 
|  30|0x0000000085000000, 0x0000000085000000, 0x0000000085100000|  0%| F|  |TAMS 0x0000000085000000, 0x0000000085000000| Untracked 
|  31|0x0000000085100000, 0x0000000085100000, 0x0000000085200000|  0%| F|  |TAMS 0x0000000085100000, 0x0000000085100000| Untracked 
|  32|0x0000000085200000, 0x0000000085200000, 0x0000000085300000|  0%| F|  |TAMS 0x0000000085200000, 0x0000000085200000| Untracked 
|  33|0x0000000085300000, 0x0000000085300000, 0x0000000085400000|  0%| F|  |TAMS 0x0000000085300000, 0x0000000085300000| Untracked 
|  34|0x0000000085400000, 0x0000000085400000, 0x0000000085500000|  0%| F|  |TAMS 0x0000000085400000, 0x0000000085400000| Untracked 
|  35|0x0000000085500000, 0x0000000085600000, 0x0000000085600000|100%| S|CS|TAMS 0x0000000085500000, 0x0000000085500000| Complete 
|  36|0x0000000085600000, 0x0000000085600000, 0x0000000085700000|  0%| F|  |TAMS 0x0000000085600000, 0x0000000085600000| Untracked 
|  37|0x0000000085700000, 0x0000000085700000, 0x0000000085800000|  0%| F|  |TAMS 0x0000000085700000, 0x0000000085700000| Untracked 
|  38|0x0000000085800000, 0x0000000085800000, 0x0000000085900000|  0%| F|  |TAMS 0x0000000085800000, 0x0000000085800000| Untracked 
|  99|0x0000000089500000, 0x0000000089500000, 0x0000000089600000|  0%| F|  |TAMS 0x0000000089500000, 0x0000000089500000| Untracked 
| 103|0x0000000089900000, 0x0000000089900000, 0x0000000089a00000|  0%| F|  |TAMS 0x0000000089900000, 0x0000000089900000| Untracked 
| 125|0x000000008af00000, 0x000000008af00000, 0x000000008b000000|  0%| F|  |TAMS 0x000000008af00000, 0x000000008af00000| Untracked 

Card table byte_map: [0x0000020bb4490000,0x0000020bb4880000] _byte_map_base: 0x0000020bb4077000

Marking Bits (Prev, Next): (CMBitMap*) 0x0000020b9f582df0, (CMBitMap*) 0x0000020b9f582db0
 Prev Bits: [0x0000020bb6bb0000, 0x0000020bb8ae8000)
 Next Bits: [0x0000020bb4c70000, 0x0000020bb6ba8000)

Polling page: 0x0000020b9f5d0000

Metaspace:

Usage:
  Non-class:     35.61 MB used.
      Class:      4.42 MB used.
       Both:     40.03 MB used.

Virtual space:
  Non-class space:       64.00 MB reserved,      35.75 MB ( 56%) committed,  1 nodes.
      Class space:        1.00 GB reserved,       4.56 MB ( <1%) committed,  1 nodes.
             Both:        1.06 GB reserved,      40.31 MB (  4%) committed. 

Chunk freelists:
   Non-Class:  80.00 KB
       Class:  3.47 MB
        Both:  3.55 MB

MaxMetaspaceSize: unlimited
CompressedClassSpaceSize: 1.00 GB
Initial GC threshold: 21.00 MB
Current GC threshold: 65.62 MB
CDS: off
MetaspaceReclaimPolicy: balanced
 - commit_granule_bytes: 65536.
 - commit_granule_words: 8192.
 - virtual_space_node_default_size: 8388608.
 - enlarge_chunks_in_place: 1.
 - new_chunks_are_fully_committed: 0.
 - uncommit_free_chunks: 1.
 - use_allocation_guard: 0.


Internal statistics:

num_allocs_failed_limit: 6.
num_arena_births: 328.
num_arena_deaths: 0.
num_vsnodes_births: 2.
num_vsnodes_deaths: 0.
num_space_committed: 644.
num_space_uncommitted: 0.
num_chunks_returned_to_freelist: 6.
num_chunks_taken_from_freelist: 1232.
num_chunk_merges: 3.
num_chunk_splits: 863.
num_chunks_enlarged: 697.
num_inconsistent_stats: 0.

CodeHeap 'non-profiled nmethods': size=120000Kb used=1255Kb max_used=1255Kb free=118744Kb
 bounds [0x0000020bac100000, 0x0000020bac370000, 0x0000020bb3630000]
CodeHeap 'profiled nmethods': size=120000Kb used=5855Kb max_used=5855Kb free=114144Kb
 bounds [0x0000020ba4630000, 0x0000020ba4bf0000, 0x0000020babb60000]
CodeHeap 'non-nmethods': size=5760Kb used=1425Kb max_used=1446Kb free=4334Kb
 bounds [0x0000020babb60000, 0x0000020babdd0000, 0x0000020bac100000]
 total_blobs=3614 nmethods=2959 adapters=565
 compilation: enabled
              stopped_count=0, restarted_count=0
 full_count=0

Compilation events (20 events):
Event: 17.699 Thread 0x0000020bbf87ad20 2956       1       java.util.Calendar::getMinimalDaysInFirstWeek (5 bytes)
Event: 17.699 Thread 0x0000020bbf87ad20 nmethod 2956 0x0000020bac235a90 code [0x0000020bac235c20, 0x0000020bac235cd8]
Event: 17.699 Thread 0x0000020bbf87ad20 2957       3       freemarker.core.Environment::pushElement (71 bytes)
Event: 17.699 Thread 0x0000020bbf87ad20 nmethod 2957 0x0000020ba4be2d10 code [0x0000020ba4be2ee0, 0x0000020ba4be3518]
Event: 17.699 Thread 0x0000020bbf87ad20 2959       3       jdk.internal.reflect.DirectMethodHandleAccessor::checkArgumentCount (59 bytes)
Event: 17.700 Thread 0x0000020bbf87ad20 nmethod 2959 0x0000020ba4be3710 code [0x0000020ba4be3980, 0x0000020ba4be4128]
Event: 17.700 Thread 0x0000020bbf87ad20 2960       3       freemarker.core.Environment::popElement (11 bytes)
Event: 17.700 Thread 0x0000020bbf87ad20 nmethod 2960 0x0000020ba4be4490 code [0x0000020ba4be4620, 0x0000020ba4be4738]
Event: 17.700 Thread 0x0000020bbf87ad20 2958       1       java.lang.reflect.Method::getMethodAccessor (5 bytes)
Event: 17.700 Thread 0x0000020bbf87ad20 nmethod 2958 0x0000020bac235d90 code [0x0000020bac235f20, 0x0000020bac235fd8]
Event: 17.700 Thread 0x0000020bbf87ad20 2961       3       jdk.internal.module.Resources::toPackageName (39 bytes)
Event: 17.700 Thread 0x0000020bbf87ad20 nmethod 2961 0x0000020ba4be4810 code [0x0000020ba4be4a40, 0x0000020ba4be50b8]
Event: 17.701 Thread 0x0000020bbf8970a0 nmethod 2851 0x0000020bac236090 code [0x0000020bac236320, 0x0000020bac238050]
Event: 17.701 Thread 0x0000020bbf8970a0 2881       4       java.util.concurrent.ConcurrentHashMap::get (162 bytes)
Event: 17.701 Thread 0x0000020bbf87ad20 2963       3       sun.nio.fs.NativeBuffers::releaseNativeBuffer (97 bytes)
Event: 17.702 Thread 0x0000020bbf87ad20 nmethod 2963 0x0000020ba4be5310 code [0x0000020ba4be5660, 0x0000020ba4be6ff8]
Event: 17.702 Thread 0x0000020bbf87ad20 2964       3       java.util.concurrent.ConcurrentHashMap$Traverser::<init> (36 bytes)
Event: 17.702 Thread 0x0000020bbf87ad20 nmethod 2964 0x0000020ba4be7690 code [0x0000020ba4be7840, 0x0000020ba4be7a38]
Event: 17.702 Thread 0x0000020bbf87ad20 2962       3       sun.nio.fs.NativeBuffer::release (5 bytes)
Event: 17.702 Thread 0x0000020bbf87ad20 nmethod 2962 0x0000020ba4be7b10 code [0x0000020ba4be7cc0, 0x0000020ba4be7de8]

GC Heap History (17 events):
Event: 0.927 GC heap before
{Heap before GC invocations=0 (full 0):
 garbage-first heap   total 129024K, used 22528K [0x0000000083200000, 0x0000000100000000)
  region size 1024K, 23 young (23552K), 0 survivors (0K)
 Metaspace       used 15400K, committed 15616K, reserved 1114112K
  class space    used 1358K, committed 1472K, reserved 1048576K
}
Event: 0.933 GC heap after
{Heap after GC invocations=1 (full 0):
 garbage-first heap   total 129024K, used 6240K [0x0000000083200000, 0x0000000100000000)
  region size 1024K, 3 young (3072K), 3 survivors (3072K)
 Metaspace       used 15400K, committed 15616K, reserved 1114112K
  class space    used 1358K, committed 1472K, reserved 1048576K
}
Event: 1.359 GC heap before
{Heap before GC invocations=1 (full 0):
 garbage-first heap   total 129024K, used 26720K [0x0000000083200000, 0x0000000100000000)
  region size 1024K, 25 young (25600K), 3 survivors (3072K)
 Metaspace       used 21335K, committed 21504K, reserved 1114112K
  class space    used 2075K, committed 2176K, reserved 1048576K
}
Event: 1.364 GC heap after
{Heap after GC invocations=2 (full 0):
 garbage-first heap   total 129024K, used 7141K [0x0000000083200000, 0x0000000100000000)
  region size 1024K, 2 young (2048K), 2 survivors (2048K)
 Metaspace       used 21335K, committed 21504K, reserved 1114112K
  class space    used 2075K, committed 2176K, reserved 1048576K
}
Event: 6.442 GC heap before
{Heap before GC invocations=3 (full 0):
 garbage-first heap   total 30720K, used 28645K [0x0000000083200000, 0x0000000100000000)
  region size 1024K, 24 young (24576K), 2 survivors (2048K)
 Metaspace       used 29179K, committed 29440K, reserved 1114112K
  class space    used 2980K, committed 3072K, reserved 1048576K
}
Event: 6.448 GC heap after
{Heap after GC invocations=4 (full 0):
 garbage-first heap   total 35840K, used 11156K [0x0000000083200000, 0x0000000100000000)
  region size 1024K, 5 young (5120K), 5 survivors (5120K)
 Metaspace       used 29179K, committed 29440K, reserved 1114112K
  class space    used 2980K, committed 3072K, reserved 1048576K
}
Event: 6.751 GC heap before
{Heap before GC invocations=4 (full 0):
 garbage-first heap   total 35840K, used 24468K [0x0000000083200000, 0x0000000100000000)
  region size 1024K, 18 young (18432K), 5 survivors (5120K)
 Metaspace       used 33355K, committed 33600K, reserved 1114112K
  class space    used 3485K, committed 3584K, reserved 1048576K
}
Event: 6.755 GC heap after
{Heap after GC invocations=5 (full 0):
 garbage-first heap   total 35840K, used 11151K [0x0000000083200000, 0x0000000100000000)
  region size 1024K, 2 young (2048K), 2 survivors (2048K)
 Metaspace       used 33355K, committed 33600K, reserved 1114112K
  class space    used 3485K, committed 3584K, reserved 1048576K
}
Event: 7.056 GC heap before
{Heap before GC invocations=5 (full 0):
 garbage-first heap   total 35840K, used 18319K [0x0000000083200000, 0x0000000100000000)
  region size 1024K, 10 young (10240K), 2 survivors (2048K)
 Metaspace       used 35896K, committed 36160K, reserved 1114112K
  class space    used 3820K, committed 3968K, reserved 1048576K
}
Event: 7.058 GC heap after
{Heap after GC invocations=6 (full 0):
 garbage-first heap   total 35840K, used 11847K [0x0000000083200000, 0x0000000100000000)
  region size 1024K, 1 young (1024K), 1 survivors (1024K)
 Metaspace       used 35896K, committed 36160K, reserved 1114112K
  class space    used 3820K, committed 3968K, reserved 1048576K
}
Event: 17.355 GC heap before
{Heap before GC invocations=7 (full 0):
 garbage-first heap   total 35840K, used 34375K [0x0000000083200000, 0x0000000100000000)
  region size 1024K, 13 young (13312K), 1 survivors (1024K)
 Metaspace       used 38242K, committed 38528K, reserved 1114112K
  class space    used 4154K, committed 4288K, reserved 1048576K
}
Event: 17.358 GC heap after
{Heap after GC invocations=8 (full 0):
 garbage-first heap   total 37888K, used 23572K [0x0000000083200000, 0x0000000100000000)
  region size 1024K, 2 young (2048K), 2 survivors (2048K)
 Metaspace       used 38242K, committed 38528K, reserved 1114112K
  class space    used 4154K, committed 4288K, reserved 1048576K
}
Event: 17.378 GC heap before
{Heap before GC invocations=8 (full 0):
 garbage-first heap   total 37888K, used 24596K [0x0000000083200000, 0x0000000100000000)
  region size 1024K, 3 young (3072K), 2 survivors (2048K)
 Metaspace       used 38360K, committed 38656K, reserved 1114112K
  class space    used 4164K, committed 4288K, reserved 1048576K
}
Event: 17.382 GC heap after
{Heap after GC invocations=9 (full 0):
 garbage-first heap   total 37888K, used 23566K [0x0000000083200000, 0x0000000100000000)
  region size 1024K, 1 young (1024K), 1 survivors (1024K)
 Metaspace       used 38360K, committed 38656K, reserved 1114112K
  class space    used 4164K, committed 4288K, reserved 1048576K
}
Event: 17.517 GC heap before
{Heap before GC invocations=9 (full 0):
 garbage-first heap   total 37888K, used 27662K [0x0000000083200000, 0x0000000100000000)
  region size 1024K, 6 young (6144K), 1 survivors (1024K)
 Metaspace       used 39867K, committed 40192K, reserved 1114112K
  class space    used 4385K, committed 4544K, reserved 1048576K
}
Event: 17.520 GC heap after
{Heap after GC invocations=10 (full 0):
 garbage-first heap   total 37888K, used 23648K [0x0000000083200000, 0x0000000100000000)
  region size 1024K, 1 young (1024K), 1 survivors (1024K)
 Metaspace       used 39867K, committed 40192K, reserved 1114112K
  class space    used 4385K, committed 4544K, reserved 1048576K
}
Event: 17.703 GC heap before
{Heap before GC invocations=11 (full 0):
 garbage-first heap   total 43008K, used 29792K [0x0000000083200000, 0x0000000100000000)
  region size 1024K, 7 young (7168K), 1 survivors (1024K)
 Metaspace       used 40992K, committed 41280K, reserved 1114112K
  class space    used 4524K, committed 4672K, reserved 1048576K
}

Dll operation events (11 events):
Event: 0.008 Loaded shared library C:\Users\rahul\.p2\pool\plugins\org.eclipse.justj.openjdk.hotspot.jre.full.win32.x86_64_19.0.1.v20221102-1007\jre\bin\java.dll
Event: 0.014 Loaded shared library C:\Users\rahul\.p2\pool\plugins\org.eclipse.justj.openjdk.hotspot.jre.full.win32.x86_64_19.0.1.v20221102-1007\jre\bin\zip.dll
Event: 0.190 Loaded shared library C:\Users\rahul\.p2\pool\plugins\org.eclipse.justj.openjdk.hotspot.jre.full.win32.x86_64_19.0.1.v20221102-1007\jre\bin\net.dll
Event: 0.192 Loaded shared library C:\Users\rahul\.p2\pool\plugins\org.eclipse.justj.openjdk.hotspot.jre.full.win32.x86_64_19.0.1.v20221102-1007\jre\bin\nio.dll
Event: 0.200 Loaded shared library C:\Users\rahul\.p2\pool\plugins\org.eclipse.justj.openjdk.hotspot.jre.full.win32.x86_64_19.0.1.v20221102-1007\jre\bin\zip.dll
Event: 0.334 Loaded shared library C:\Users\rahul\.p2\pool\plugins\org.eclipse.justj.openjdk.hotspot.jre.full.win32.x86_64_19.0.1.v20221102-1007\jre\bin\jimage.dll
Event: 0.512 Loaded shared library C:\Users\rahul\.p2\pool\plugins\org.eclipse.justj.openjdk.hotspot.jre.full.win32.x86_64_19.0.1.v20221102-1007\jre\bin\extnet.dll
Event: 1.036 Loaded shared library C:\Users\rahul\.p2\pool\plugins\org.eclipse.justj.openjdk.hotspot.jre.full.win32.x86_64_19.0.1.v20221102-1007\jre\bin\verify.dll
Event: 6.223 Loaded shared library C:\Users\rahul\.p2\pool\plugins\org.eclipse.justj.openjdk.hotspot.jre.full.win32.x86_64_19.0.1.v20221102-1007\jre\bin\management.dll
Event: 6.230 Loaded shared library C:\Users\rahul\.p2\pool\plugins\org.eclipse.justj.openjdk.hotspot.jre.full.win32.x86_64_19.0.1.v20221102-1007\jre\bin\management_ext.dll
Event: 6.495 Loaded shared library C:\Users\rahul\.p2\pool\plugins\org.eclipse.justj.openjdk.hotspot.jre.full.win32.x86_64_19.0.1.v20221102-1007\jre\bin\sunmscapi.dll

Deoptimization events (20 events):
Event: 17.576 Thread 0x0000020b9f520550 Uncommon trap: trap_request=0xffffff45 fr.pc=0x0000020bac11b138 relative=0x0000000000000038
Event: 17.576 Thread 0x0000020b9f520550 Uncommon trap: reason=unstable_if action=reinterpret pc=0x0000020bac11b138 method=java.lang.StringLatin1.canEncode(I)Z @ 4 c2
Event: 17.576 Thread 0x0000020b9f520550 DEOPT PACKING pc=0x0000020bac11b138 sp=0x0000007a6d8fd9e0
Event: 17.576 Thread 0x0000020b9f520550 DEOPT UNPACKING pc=0x0000020babbca5a3 sp=0x0000007a6d8fd970 mode 2
Event: 17.577 Thread 0x0000020b9f520550 Uncommon trap: trap_request=0xffffff45 fr.pc=0x0000020bac151934 relative=0x00000000000004f4
Event: 17.577 Thread 0x0000020b9f520550 Uncommon trap: reason=unstable_if action=reinterpret pc=0x0000020bac151934 method=java.lang.String.substring(II)Ljava/lang/String; @ 31 c2
Event: 17.577 Thread 0x0000020b9f520550 DEOPT PACKING pc=0x0000020bac151934 sp=0x0000007a6d8fdaa0
Event: 17.577 Thread 0x0000020b9f520550 DEOPT UNPACKING pc=0x0000020babbca5a3 sp=0x0000007a6d8fda70 mode 2
Event: 17.577 Thread 0x0000020b9f520550 Uncommon trap: trap_request=0xffffff45 fr.pc=0x0000020bac1cb820 relative=0x0000000000000200
Event: 17.577 Thread 0x0000020b9f520550 Uncommon trap: reason=unstable_if action=reinterpret pc=0x0000020bac1cb820 method=java.lang.StringUTF16.compress([CII)[B @ 13 c2
Event: 17.577 Thread 0x0000020b9f520550 DEOPT PACKING pc=0x0000020bac1cb820 sp=0x0000007a6d8fda20
Event: 17.577 Thread 0x0000020b9f520550 DEOPT UNPACKING pc=0x0000020babbca5a3 sp=0x0000007a6d8fd9c0 mode 2
Event: 17.578 Thread 0x0000020b9f520550 Uncommon trap: trap_request=0xffffff45 fr.pc=0x0000020bac15a2c8 relative=0x0000000000000428
Event: 17.578 Thread 0x0000020b9f520550 Uncommon trap: reason=unstable_if action=reinterpret pc=0x0000020bac15a2c8 method=java.lang.String.<init>(Ljava/lang/AbstractStringBuilder;Ljava/lang/Void;)V @ 19 c2
Event: 17.578 Thread 0x0000020b9f520550 DEOPT PACKING pc=0x0000020bac15a2c8 sp=0x0000007a6d8fd9b0
Event: 17.578 Thread 0x0000020b9f520550 DEOPT UNPACKING pc=0x0000020babbca5a3 sp=0x0000007a6d8fd978 mode 2
Event: 17.578 Thread 0x0000020b9f520550 Uncommon trap: trap_request=0xffffff45 fr.pc=0x0000020bac117528 relative=0x0000000000000188
Event: 17.578 Thread 0x0000020b9f520550 Uncommon trap: reason=unstable_if action=reinterpret pc=0x0000020bac117528 method=java.lang.String.equals(Ljava/lang/Object;)Z @ 33 c2
Event: 17.578 Thread 0x0000020b9f520550 DEOPT PACKING pc=0x0000020bac117528 sp=0x0000007a6d8fdae0
Event: 17.578 Thread 0x0000020b9f520550 DEOPT UNPACKING pc=0x0000020babbca5a3 sp=0x0000007a6d8fda80 mode 2

Classes loaded (20 events):
Event: 17.604 Loading class java/util/stream/ReduceOps$10
Event: 17.604 Loading class java/util/stream/ReduceOps$10 done
Event: 17.604 Loading class java/util/stream/ReduceOps$8ReducingSink
Event: 17.604 Loading class java/util/stream/Sink$OfLong
Event: 17.604 Loading class java/util/function/LongConsumer
Event: 17.605 Loading class java/util/function/LongConsumer done
Event: 17.605 Loading class java/util/stream/Sink$OfLong done
Event: 17.605 Loading class java/util/stream/ReduceOps$8ReducingSink done
Event: 17.605 Loading class java/util/stream/ReferencePipeline$5$1
Event: 17.605 Loading class java/util/stream/ReferencePipeline$5$1 done
Event: 17.608 Loading class java/math/BigDecimal$StringBuilderHelper
Event: 17.608 Loading class java/math/BigDecimal$StringBuilderHelper done
Event: 17.608 Loading class java/text/NumberFormat$Field
Event: 17.609 Loading class java/text/NumberFormat$Field done
Event: 17.655 Loading class sun/util/locale/provider/DateFormatProviderImpl
Event: 17.655 Loading class sun/util/locale/provider/DateFormatProviderImpl done
Event: 17.656 Loading class java/text/DontCareFieldPosition
Event: 17.657 Loading class java/text/DontCareFieldPosition done
Event: 17.657 Loading class java/text/DontCareFieldPosition$1
Event: 17.657 Loading class java/text/DontCareFieldPosition$1 done

Classes unloaded (0 events):
No events

Classes redefined (0 events):
No events

Internal exceptions (20 events):
Event: 17.563 Thread 0x0000020b9f520550 Exception <a 'java/lang/ClassNotFoundException'{0x00000000899c03e0}: com/aventstack/extentreports/model/ReportStatsBeanInfo> (0x00000000899c03e0) 
thrown [s\src\hotspot\share\classfile\systemDictionary.cpp, line 255]
Event: 17.563 Thread 0x0000020b9f520550 Exception <a 'java/lang/ClassNotFoundException'{0x00000000899c4548}: com/aventstack/extentreports/model/ReportStatsCustomizer> (0x00000000899c4548) 
thrown [s\src\hotspot\share\classfile\systemDictionary.cpp, line 255]
Event: 17.565 Thread 0x0000020b9f520550 Exception <a 'java/lang/ClassNotFoundException'{0x00000000899de338}: com/aventstack/extentreports/AnalysisStrategyBeanInfo> (0x00000000899de338) 
thrown [s\src\hotspot\share\classfile\systemDictionary.cpp, line 255]
Event: 17.565 Thread 0x0000020b9f520550 Exception <a 'java/lang/ClassNotFoundException'{0x00000000899e2460}: com/aventstack/extentreports/AnalysisStrategyCustomizer> (0x00000000899e2460) 
thrown [s\src\hotspot\share\classfile\systemDictionary.cpp, line 255]
Event: 17.596 Thread 0x0000020b9f520550 Exception <a 'java/lang/NoSuchMethodError'{0x00000000895c49a8}: 'long java.lang.invoke.DirectMethodHandle$Holder.invokeSpecial(java.lang.Object, java.lang.Object)'> (0x00000000895c49a8) 
thrown [s\src\hotspot\share\interpreter\linkResolver.cpp, line 774]
Event: 17.665 Thread 0x0000020b9f520550 Exception <a 'java/lang/ClassNotFoundException'{0x0000000085762b68}: com/aventstack/extentreports/reporter/configuration/ViewNameBeanInfo> (0x0000000085762b68) 
thrown [s\src\hotspot\share\classfile\systemDictionary.cpp, line 255]
Event: 17.665 Thread 0x0000020b9f520550 Exception <a 'java/lang/ClassNotFoundException'{0x0000000085767008}: com/aventstack/extentreports/reporter/configuration/ViewNameCustomizer> (0x0000000085767008) 
thrown [s\src\hotspot\share\classfile\systemDictionary.cpp, line 255]
Event: 17.667 Thread 0x0000020b9f520550 Exception <a 'java/lang/ClassNotFoundException'{0x0000000085777b30}: com/aventstack/extentreports/model/context/NamedAttributeContextManagerBeanInfo> (0x0000000085777b30) 
thrown [s\src\hotspot\share\classfile\systemDictionary.cpp, line 255]
Event: 17.667 Thread 0x0000020b9f520550 Exception <a 'java/lang/ClassNotFoundException'{0x000000008577c3d8}: com/aventstack/extentreports/model/context/NamedAttributeContextManagerCustomizer> (0x000000008577c3d8) 
thrown [s\src\hotspot\share\classfile\systemDictionary.cpp, line 255]
Event: 17.678 Thread 0x0000020b9f520550 Exception <a 'java/lang/NoSuchMethodError'{0x00000000857d5e18}: 'int java.lang.invoke.DirectMethodHandle$Holder.invokeSpecial(java.lang.Object, java.lang.Object, java.lang.Object, java.lang.Object)'> (0x00000000857d5e18) 
thrown [s\src\hotspot\share\interpreter\linkResolver.cpp, line 774]
Event: 17.681 Thread 0x0000020b9f520550 Exception <a 'java/lang/ClassNotFoundException'{0x00000000857f3600}: com/aventstack/extentreports/model/TestBeanInfo> (0x00000000857f3600) 
thrown [s\src\hotspot\share\classfile\systemDictionary.cpp, line 255]
Event: 17.681 Thread 0x0000020b9f520550 Exception <a 'java/lang/ClassNotFoundException'{0x00000000857f7570}: com/aventstack/extentreports/model/TestCustomizer> (0x00000000857f7570) 
thrown [s\src\hotspot\share\classfile\systemDictionary.cpp, line 255]
Event: 17.690 Thread 0x0000020b9f520550 Exception <a 'java/lang/ClassNotFoundException'{0x000000008565fca0}: com/aventstack/extentreports/model/LogBeanInfo> (0x000000008565fca0) 
thrown [s\src\hotspot\share\classfile\systemDictionary.cpp, line 255]
Event: 17.690 Thread 0x0000020b9f520550 Exception <a 'java/lang/ClassNotFoundException'{0x0000000085663bc0}: com/aventstack/extentreports/model/LogCustomizer> (0x0000000085663bc0) 
thrown [s\src\hotspot\share\classfile\systemDictionary.cpp, line 255]
Event: 17.692 Thread 0x0000020b9f520550 Exception <a 'java/lang/ClassNotFoundException'{0x000000008567aca0}: com/aventstack/extentreports/model/ExceptionInfoBeanInfo> (0x000000008567aca0) 
thrown [s\src\hotspot\share\classfile\systemDictionary.cpp, line 255]
Event: 17.692 Thread 0x0000020b9f520550 Exception <a 'java/lang/ClassNotFoundException'{0x000000008567f698}: com/aventstack/extentreports/model/NamedAttributeBeanInfo> (0x000000008567f698) 
thrown [s\src\hotspot\share\classfile\systemDictionary.cpp, line 255]
Event: 17.692 Thread 0x0000020b9f520550 Exception <a 'java/lang/ClassNotFoundException'{0x00000000856840a0}: com/aventstack/extentreports/model/NamedAttributeCustomizer> (0x00000000856840a0) 
thrown [s\src\hotspot\share\classfile\systemDictionary.cpp, line 255]
Event: 17.693 Thread 0x0000020b9f520550 Exception <a 'java/lang/ClassNotFoundException'{0x000000008568c5b8}: com/aventstack/extentreports/model/ExceptionInfoCustomizer> (0x000000008568c5b8) 
thrown [s\src\hotspot\share\classfile\systemDictionary.cpp, line 255]
Event: 17.697 Thread 0x0000020b9f520550 Exception <a 'java/lang/ClassNotFoundException'{0x00000000856c5d20}: com/aventstack/extentreports/model/context/NamedAttributeContextBeanInfo> (0x00000000856c5d20) 
thrown [s\src\hotspot\share\classfile\systemDictionary.cpp, line 255]
Event: 17.697 Thread 0x0000020b9f520550 Exception <a 'java/lang/ClassNotFoundException'{0x00000000856ca380}: com/aventstack/extentreports/model/context/NamedAttributeContextCustomizer> (0x00000000856ca380) 
thrown [s\src\hotspot\share\classfile\systemDictionary.cpp, line 255]

VM Operations (20 events):
Event: 10.242 Executing VM operation: HandshakeAllThreads done
Event: 11.245 Executing VM operation: Cleanup
Event: 11.245 Executing VM operation: Cleanup done
Event: 15.276 Executing VM operation: Cleanup
Event: 15.276 Executing VM operation: Cleanup done
Event: 16.277 Executing VM operation: Cleanup
Event: 16.277 Executing VM operation: Cleanup done
Event: 17.355 Executing VM operation: G1CollectForAllocation
Event: 17.358 Executing VM operation: G1CollectForAllocation done
Event: 17.378 Executing VM operation: G1CollectForAllocation
Event: 17.382 Executing VM operation: G1CollectForAllocation done
Event: 17.517 Executing VM operation: G1CollectForAllocation
Event: 17.520 Executing VM operation: G1CollectForAllocation done
Event: 17.529 Executing VM operation: G1PauseRemark
Event: 17.532 Executing VM operation: G1PauseRemark done
Event: 17.536 Executing VM operation: G1PauseCleanup
Event: 17.537 Executing VM operation: G1PauseCleanup done
Event: 17.575 Executing VM operation: HandshakeAllThreads
Event: 17.575 Executing VM operation: HandshakeAllThreads done
Event: 17.703 Executing VM operation: G1CollectForAllocation

Events (20 events):
Event: 0.061 Thread 0x0000020bbf895c20 Thread added: 0x0000020bbf895c20
Event: 0.061 Thread 0x0000020bbf8970a0 Thread added: 0x0000020bbf8970a0
Event: 0.061 Thread 0x0000020bbf87ad20 Thread added: 0x0000020bbf87ad20
Event: 0.061 Thread 0x0000020bbf877ac0 Thread added: 0x0000020bbf877ac0
Event: 0.173 Thread 0x0000020bbfa27140 Thread added: 0x0000020bbfa27140
Event: 0.177 Thread 0x0000020bbfa2aef0 Thread added: 0x0000020bbfa2aef0
Event: 0.522 Thread 0x0000020bbfdacb10 Thread added: 0x0000020bbfdacb10
Event: 1.405 Thread 0x0000020bc0eb1470 Thread added: 0x0000020bc0eb1470
Event: 1.405 Thread 0x0000020bc0eb19b0 Thread added: 0x0000020bc0eb19b0
Event: 1.586 Thread 0x0000020bc0f40110 Thread added: 0x0000020bc0f40110
Event: 1.595 Thread 0x0000020bc0f40a20 Thread added: 0x0000020bc0f40a20
Event: 1.609 Thread 0x0000020bc0dd8560 Thread added: 0x0000020bc0dd8560
Event: 1.609 Thread 0x0000020bc0dd8aa0 Thread added: 0x0000020bc0dd8aa0
Event: 6.036 Thread 0x0000020bc0ff7420 Thread added: 0x0000020bc0ff7420
Event: 6.257 Thread 0x0000020bc029c8f0 Thread added: 0x0000020bc029c8f0
Event: 6.991 Thread 0x0000020bc029e8d0 Thread added: 0x0000020bc029e8d0
Event: 10.399 Thread 0x0000020bc029e380 Thread added: 0x0000020bc029e380
Event: 10.405 Thread 0x0000020bc029ce40 Thread added: 0x0000020bc029ce40
Event: 10.405 Thread 0x0000020bc029d390 Thread added: 0x0000020bc029d390
Event: 14.493 Thread 0x0000020bc029b3b0 Thread added: 0x0000020bc029b3b0


Dynamic libraries:
0x00007ff66f360000 - 0x00007ff66f36e000 	C:\Users\rahul\.p2\pool\plugins\org.eclipse.justj.openjdk.hotspot.jre.full.win32.x86_64_19.0.1.v20221102-1007\jre\bin\javaw.exe
0x00007ffd7fb90000 - 0x00007ffd7fda7000 	C:\WINDOWS\SYSTEM32\ntdll.dll
0x00007ffd7efe0000 - 0x00007ffd7f0a4000 	C:\WINDOWS\System32\KERNEL32.DLL
0x00007ffd7cfe0000 - 0x00007ffd7d3b1000 	C:\WINDOWS\System32\KERNELBASE.dll
0x00007ffd7d670000 - 0x00007ffd7d781000 	C:\WINDOWS\System32\ucrtbase.dll
0x00007ffd71c50000 - 0x00007ffd71c67000 	C:\Users\rahul\.p2\pool\plugins\org.eclipse.justj.openjdk.hotspot.jre.full.win32.x86_64_19.0.1.v20221102-1007\jre\bin\jli.dll
0x00007ffd666a0000 - 0x00007ffd666b9000 	C:\Users\rahul\.p2\pool\plugins\org.eclipse.justj.openjdk.hotspot.jre.full.win32.x86_64_19.0.1.v20221102-1007\jre\bin\VCRUNTIME140.dll
0x00007ffd7f380000 - 0x00007ffd7f531000 	C:\WINDOWS\System32\USER32.dll
0x00007ffd7d640000 - 0x00007ffd7d666000 	C:\WINDOWS\System32\win32u.dll
0x00007ffd6a650000 - 0x00007ffd6a8e2000 	C:\WINDOWS\WinSxS\amd64_microsoft.windows.common-controls_6595b64144ccf1df_6.0.22621.4830_none_270fe7d773858e80\COMCTL32.dll
0x00007ffd7eb10000 - 0x00007ffd7eb39000 	C:\WINDOWS\System32\GDI32.dll
0x00007ffd7faa0000 - 0x00007ffd7fb47000 	C:\WINDOWS\System32\msvcrt.dll
0x00007ffd7ce40000 - 0x00007ffd7cf5b000 	C:\WINDOWS\System32\gdi32full.dll
0x00007ffd7d790000 - 0x00007ffd7d82a000 	C:\WINDOWS\System32\msvcp_win.dll
0x00007ffd7f2b0000 - 0x00007ffd7f2e1000 	C:\WINDOWS\System32\IMM32.DLL
0x00007ffd74780000 - 0x00007ffd7478c000 	C:\Users\rahul\.p2\pool\plugins\org.eclipse.justj.openjdk.hotspot.jre.full.win32.x86_64_19.0.1.v20221102-1007\jre\bin\vcruntime140_1.dll
0x00007ffd46790000 - 0x00007ffd46821000 	C:\Users\rahul\.p2\pool\plugins\org.eclipse.justj.openjdk.hotspot.jre.full.win32.x86_64_19.0.1.v20221102-1007\jre\bin\msvcp140.dll
0x00007ffce5d10000 - 0x00007ffce6a17000 	C:\Users\rahul\.p2\pool\plugins\org.eclipse.justj.openjdk.hotspot.jre.full.win32.x86_64_19.0.1.v20221102-1007\jre\bin\server\jvm.dll
0x00007ffd7f1f0000 - 0x00007ffd7f2a1000 	C:\WINDOWS\System32\ADVAPI32.dll
0x00007ffd7ed70000 - 0x00007ffd7ee17000 	C:\WINDOWS\System32\sechost.dll
0x00007ffd7d830000 - 0x00007ffd7d858000 	C:\WINDOWS\System32\bcrypt.dll
0x00007ffd7ec50000 - 0x00007ffd7ed64000 	C:\WINDOWS\System32\RPCRT4.dll
0x00007ffd753d0000 - 0x00007ffd753da000 	C:\WINDOWS\SYSTEM32\VERSION.dll
0x00007ffd776b0000 - 0x00007ffd776e4000 	C:\WINDOWS\SYSTEM32\WINMM.dll
0x00007ffd6bd20000 - 0x00007ffd6bd29000 	C:\WINDOWS\SYSTEM32\WSOCK32.dll
0x00007ffd7fa20000 - 0x00007ffd7fa91000 	C:\WINDOWS\System32\WS2_32.dll
0x00007ffd7bce0000 - 0x00007ffd7bcf8000 	C:\WINDOWS\SYSTEM32\kernel.appcore.dll
0x00007ffd75480000 - 0x00007ffd7548a000 	C:\Users\rahul\.p2\pool\plugins\org.eclipse.justj.openjdk.hotspot.jre.full.win32.x86_64_19.0.1.v20221102-1007\jre\bin\jimage.dll
0x00007ffd7a740000 - 0x00007ffd7a972000 	C:\WINDOWS\SYSTEM32\DBGHELP.DLL
0x00007ffd7e570000 - 0x00007ffd7e900000 	C:\WINDOWS\System32\combase.dll
0x00007ffd7f540000 - 0x00007ffd7f617000 	C:\WINDOWS\System32\OLEAUT32.dll
0x00007ffd757e0000 - 0x00007ffd75812000 	C:\WINDOWS\SYSTEM32\dbgcore.DLL
0x00007ffd7cf60000 - 0x00007ffd7cfdb000 	C:\WINDOWS\System32\bcryptPrimitives.dll
0x00007ffd665b0000 - 0x00007ffd665d6000 	C:\Users\rahul\.p2\pool\plugins\org.eclipse.justj.openjdk.hotspot.jre.full.win32.x86_64_19.0.1.v20221102-1007\jre\bin\java.dll
0x00007ffd71c20000 - 0x00007ffd71c38000 	C:\Users\rahul\.p2\pool\plugins\org.eclipse.justj.openjdk.hotspot.jre.full.win32.x86_64_19.0.1.v20221102-1007\jre\bin\zip.dll
0x00007ffd7dce0000 - 0x00007ffd7e568000 	C:\WINDOWS\System32\SHELL32.dll
0x00007ffd7d3c0000 - 0x00007ffd7d4ff000 	C:\WINDOWS\System32\wintypes.dll
0x00007ffd7abe0000 - 0x00007ffd7b4ed000 	C:\WINDOWS\SYSTEM32\windows.storage.dll
0x00007ffd7f910000 - 0x00007ffd7fa1a000 	C:\WINDOWS\System32\SHCORE.dll
0x00007ffd7eb40000 - 0x00007ffd7eb9e000 	C:\WINDOWS\System32\shlwapi.dll
0x00007ffd7cc00000 - 0x00007ffd7cc2b000 	C:\WINDOWS\SYSTEM32\profapi.dll
0x00007ffd79c30000 - 0x00007ffd79c43000 	C:\Users\rahul\.p2\pool\plugins\org.eclipse.justj.openjdk.hotspot.jre.full.win32.x86_64_19.0.1.v20221102-1007\jre\bin\net.dll
0x00007ffd76cb0000 - 0x00007ffd76ddc000 	C:\WINDOWS\SYSTEM32\WINHTTP.dll
0x00007ffd7c140000 - 0x00007ffd7c1aa000 	C:\WINDOWS\system32\mswsock.dll
0x00007ffd5a120000 - 0x00007ffd5a136000 	C:\Users\rahul\.p2\pool\plugins\org.eclipse.justj.openjdk.hotspot.jre.full.win32.x86_64_19.0.1.v20221102-1007\jre\bin\nio.dll
0x00007ffd7b7c0000 - 0x00007ffd7b8c2000 	C:\WINDOWS\SYSTEM32\DNSAPI.dll
0x00007ffd7b750000 - 0x00007ffd7b77d000 	C:\WINDOWS\SYSTEM32\IPHLPAPI.DLL
0x00007ffd7f0b0000 - 0x00007ffd7f0b9000 	C:\WINDOWS\System32\NSI.dll
0x00007ffd753e0000 - 0x00007ffd753ea000 	C:\Windows\System32\rasadhlp.dll
0x00007ffd76680000 - 0x00007ffd76703000 	C:\WINDOWS\System32\fwpuclnt.dll
0x00007ffd5a110000 - 0x00007ffd5a118000 	C:\Users\rahul\.p2\pool\plugins\org.eclipse.justj.openjdk.hotspot.jre.full.win32.x86_64_19.0.1.v20221102-1007\jre\bin\extnet.dll
0x00007ffd7c490000 - 0x00007ffd7c4ab000 	C:\WINDOWS\SYSTEM32\CRYPTSP.dll
0x00007ffd7bc40000 - 0x00007ffd7bc77000 	C:\WINDOWS\system32\rsaenh.dll
0x00007ffd7c1e0000 - 0x00007ffd7c208000 	C:\WINDOWS\SYSTEM32\USERENV.dll
0x00007ffd7c470000 - 0x00007ffd7c47c000 	C:\WINDOWS\SYSTEM32\CRYPTBASE.dll
0x00007ffd789e0000 - 0x00007ffd789f9000 	C:\WINDOWS\SYSTEM32\dhcpcsvc6.DLL
0x00007ffd77cf0000 - 0x00007ffd77d0f000 	C:\WINDOWS\SYSTEM32\dhcpcsvc.DLL
0x00007ffd75460000 - 0x00007ffd75470000 	C:\Users\rahul\.p2\pool\plugins\org.eclipse.justj.openjdk.hotspot.jre.full.win32.x86_64_19.0.1.v20221102-1007\jre\bin\verify.dll
0x00007ffd75ff0000 - 0x00007ffd75ff9000 	C:\Users\rahul\.p2\pool\plugins\org.eclipse.justj.openjdk.hotspot.jre.full.win32.x86_64_19.0.1.v20221102-1007\jre\bin\management.dll
0x00007ffd71c40000 - 0x00007ffd71c4b000 	C:\Users\rahul\.p2\pool\plugins\org.eclipse.justj.openjdk.hotspot.jre.full.win32.x86_64_19.0.1.v20221102-1007\jre\bin\management_ext.dll
0x00007ffd7f620000 - 0x00007ffd7f628000 	C:\WINDOWS\System32\PSAPI.DLL
0x00007ffd76000000 - 0x00007ffd7600e000 	C:\Users\rahul\.p2\pool\plugins\org.eclipse.justj.openjdk.hotspot.jre.full.win32.x86_64_19.0.1.v20221102-1007\jre\bin\sunmscapi.dll
0x00007ffd7ccd0000 - 0x00007ffd7ce36000 	C:\WINDOWS\System32\CRYPT32.dll
0x00007ffd7c5a0000 - 0x00007ffd7c5cd000 	C:\WINDOWS\SYSTEM32\ncrypt.dll
0x00007ffd7c560000 - 0x00007ffd7c597000 	C:\WINDOWS\SYSTEM32\NTASN1.dll
0x00007ffd472f0000 - 0x00007ffd472f8000 	C:\WINDOWS\system32\wshunix.dll
0x00007ffd74850000 - 0x00007ffd74867000 	C:\WINDOWS\system32\napinsp.dll
0x00007ffd74590000 - 0x00007ffd745ab000 	C:\WINDOWS\system32\pnrpnsp.dll
0x00007ffd52b00000 - 0x00007ffd52b11000 	C:\WINDOWS\System32\winrnr.dll
0x00007ffd4db60000 - 0x00007ffd4db75000 	C:\WINDOWS\system32\wshbth.dll
0x00007ffd52ad0000 - 0x00007ffd52af7000 	C:\WINDOWS\system32\nlansp_c.dll

dbghelp: loaded successfully - version: 4.0.5 - missing functions: none
symbol engine: initialized successfully - sym options: 0x614 - pdb path: .;C:\Users\rahul\.p2\pool\plugins\org.eclipse.justj.openjdk.hotspot.jre.full.win32.x86_64_19.0.1.v20221102-1007\jre\bin;C:\WINDOWS\SYSTEM32;C:\WINDOWS\WinSxS\amd64_microsoft.windows.common-controls_6595b64144ccf1df_6.0.22621.4830_none_270fe7d773858e80;C:\Users\rahul\.p2\pool\plugins\org.eclipse.justj.openjdk.hotspot.jre.full.win32.x86_64_19.0.1.v20221102-1007\jre\bin\server

VM Arguments:
jvm_args: -ea --add-opens=java.base/java.lang=ALL-UNNAMED --add-opens=java.base/java.lang.reflect=ALL-UNNAMED -Dfile.encoding=UTF-8 -XX:+ShowCodeDetailsInExceptionMessages 
java_command: org.testng.remote.RemoteTestNG -serport 59968 -protocol json -d C:\Users\rahul\eclipse-workspace\final\AppiumEnterpriseApp\test-output C:\Users\rahul\eclipse-workspace\final\AppiumEnterpriseApp\testng.xml
java_class_path (initial): C:\Users\rahul\eclipse\java-2021-06\eclipse\configuration\org.eclipse.osgi\442\0\.cp\lib\testng-remote.jar;C:\Users\rahul\eclipse-workspace\final\AppiumEnterpriseApp\target\test-classes;C:\Users\rahul\eclipse-workspace\final\AppiumEnterpriseApp\target\classes;C:\Users\rahul\.p2\pool\plugins\org.testng_7.4.0.r202105021533.jar;C:\Users\rahul\.p2\pool\plugins\com.beust.jcommander_1.78.0.jar;C:\Users\rahul\.p2\pool\plugins\org.apache-extras.beanshell.bsh_2.0.0.b6.jar;C:\Users\rahul\.p2\pool\plugins\org.yaml.snakeyaml_1.21.0.jar;C:\Users\rahul\.p2\pool\plugins\org.webjars.jquery_3.5.1.jar;C:\Users\rahul\.m2\repository\io\appium\java-client\8.5.0\java-client-8.5.0.jar;C:\Users\rahul\.m2\repository\org\seleniumhq\selenium\selenium-api\4.30.0\selenium-api-4.30.0.jar;C:\Users\rahul\.m2\repository\org\jspecify\jspecify\1.0.0\jspecify-1.0.0.jar;C:\Users\rahul\.m2\repository\org\seleniumhq\selenium\selenium-support\4.30.0\selenium-support-4.30.0.jar;C:\Users\rahul\.m2\repository\com\google\code\gson\gson\2.10.1\gson-2.10.1.jar;C:\Users\rahul\.m2\repository\cglib\cglib\3.3.0\cglib-3.3.0.jar;C:\Users\rahul\.m2\repository\org\ow2\asm\asm\7.1\asm-7.1.jar;C:\Users\rahul\.m2\repository\commons-validator\commons-validator\1.7\commons-validator-1.7.jar;C:\Users\rahul\.m2\repository\commons-beanutils\commons-beanutils\1.9.4\commons-beanutils-1.9.4.jar;C:\Users\rahul\.m2\repository\commons-digester\commons-digester\2.1\commons-digester-2.1.jar;C:\Users\rahul\.m2\repository\commons-logging\commons-logging\1.2\commons-logging-1.2.jar;C:\Users\rahul\.m2\repository\commons-collections\commons-collections\3.2.2\commons-collections-3.2.2.jar;C:\Users\rahul\.m2\repository\org\apache\commons\commons-lang3\3.12.0\commons-lang3-3.12.0.jar;C:\Users\rahul\.m2\repository\commons-io\commons-io\2.11.0\commons-io-2.11.0.jar;C:\Users\rahul\.m2\repository\org\slf4j\slf4j-api\2.0.7\slf4j-api-2.0.7.jar;C:\Users\rahul\.m2\repository\org\testng\testng\7.9.0\testng-7.9.0.jar;C:\Users\rahul\.m2\repository\com\beust\jcommander\1.82\jcommander-1.82.jar;C:\Users\rahul\.m2\repository\org\webjars\jquery\3.7.1\jquery-3.7.1.jar;C:\Users\rahul\.m2\repository\com\aventstack\extentreports\5.0.9\extentreports-5.0.9.jar;C:\Users\rahul\.m2\repository\io\reactivex\rxjava3\rxjava\3.0.4\rxjava-3.0.4.jar;C:\Users\rahul\.m2\repository\org\reactivestreams\reactive-streams\1.0.3\reactive-streams-1.0.3.jar;C:\Users\rahul\.m2\repository\org\freemarker\freemarker\2.3.30\freemarker-2.3.30.jar;C:\Users\rahul\.m2\repository\org\projectlombok\lombok\1.18.12\lombok-1.18.12.jar;C:\Users\rahul\.m2\repository\org\seleniumhq\selenium\selenium-remote-driver\4.11.0\selenium-remote-driver-4.11.0.jar;C:\Users\rahul\.m2\repository\com\google\auto\service\auto-service-annotations\1.0.1\auto-service-annotations-1.0.1.jar;C:\Users\rahul\.m2\repository\com\google\guava\guava\31.1-jre\guava-31.1-jre.jar;C:\Users\rahul\.m2\repository\com\google\guava\failureaccess\1.0.1\failureaccess-1.0.1.jar;C:\Users\rahul\.m2\repository\com\google\guava\listenablefuture\9999.0-empty-to-avoid-conflict-with-guava\listenablefuture-9999.0-empty-to-avoid-conflict-with-guava.jar;C:\Users\rahul\.m2\repository\com\google\code\findbugs\jsr305\3.0.2\jsr305-3.0.2.jar;C:\Users\rahul\.m2\repository\org\checkerframework\checker-qual\3.12.0\checker-qual-3.12.0.jar;C:\Users\rahul\.m2\repository\com\google\errorprone\error_prone_annotations\2.11.0\error_prone_annotations-2.11.0.jar;C:\Users\rahul\.m2\repository\com\google\j2objc\j2objc-annotations\1.3\j2objc-annotations-1.3.jar;C:\Users\rahul\.m2\repository\io\netty\netty-buffer\4.1.92.Final\netty-buffer-4.1.92.Final.jar;C:\Users\rahul\.m2\repository\io\netty\netty-codec-http\4.1.92.Final\netty-codec-http-4.1.92.Final.jar;C:\Users\rahul\.m2\repository\io\netty\netty-codec\4.1.92.Final\netty-codec-4.1.92.Final.jar;C:\Users\rahul\.m2\repository\io\netty\netty-handler\4.1.92.Final\netty-handler-4.1.92.Final.jar;C:\Users\rahul\.m2\repository\io\netty\netty-common\4.1.92.Final\netty-common-4.1.92.Final.jar;C:\Users\rahul\.m2\repository\io\netty\netty-transport-classes-epoll\4.1.92.Final\netty-transport-classes-epoll-4.1.92.Final.jar;C:\Users\rahul\.m2\repository\io\netty\netty-transport-classes-kqueue\4.1.92.Final\netty-transport-classes-kqueue-4.1.92.Final.jar;C:\Users\rahul\.m2\repository\io\netty\netty-transport-native-epoll\4.1.92.Final\netty-transport-native-epoll-4.1.92.Final.jar;C:\Users\rahul\.m2\repository\io\netty\netty-transport-native-kqueue\4.1.92.Final\netty-transport-native-kqueue-4.1.92.Final.jar;C:\Users\rahul\.m2\repository\io\netty\netty-transport-native-unix-common\4.1.92.Final\netty-transport-native-unix-common-4.1.92.Final.jar;C:\Users\rahul\.m2\repository\io\netty\netty-transport\4.1.92.Final\netty-transport-4.1.92.Final.jar;C:\Users\rahul\.m2\repository\io\netty\netty-resolver\4.1.92.Final\netty-resolver-4.1.92.Final.jar;C:\Users\rahul\.m2\repository\io\opentelemetry\opentelemetry-api\1.26.0\opentelemetry-api-1.26.0.jar;C:\Users\rahul\.m2\repository\io\opentelemetry\opentelemetry-context\1.26.0\opentelemetry-context-1.26.0.jar;C:\Users\rahul\.m2\repository\io\opentelemetry\opentelemetry-exporter-logging\1.26.0\opentelemetry-exporter-logging-1.26.0.jar;C:\Users\rahul\.m2\repository\io\opentelemetry\opentelemetry-sdk-metrics\1.26.0\opentelemetry-sdk-metrics-1.26.0.jar;C:\Users\rahul\.m2\repository\io\opentelemetry\opentelemetry-extension-incubator\1.26.0-alpha\opentelemetry-extension-incubator-1.26.0-alpha.jar;C:\Users\rahul\.m2\repository\io\opentelemetry\opentelemetry-sdk-logs\1.26.0-alpha\opentelemetry-sdk-logs-1.26.0-alpha.jar;C:\Users\rahul\.m2\repository\io\opentelemetry\opentelemetry-api-logs\1.26.0-alpha\opentelemetry-api-logs-1.26.0-alpha.jar;C:\Users\rahul\.m2\repository\io\opentelemetry\opentelemetry-api-events\1.26.0-alpha\opentelemetry-api-events-1.26.0-alpha.jar;C:\Users\rahul\.m2\repository\io\opentelemetry\opentelemetry-sdk-common\1.26.0\opentelemetry-sdk-common-1.26.0.jar;C:\Users\rahul\.m2\repository\io\opentelemetry\opentelemetry-sdk-extension-autoconfigure-spi\1.26.0\opentelemetry-sdk-extension-autoconfigure-spi-1.26.0.jar;C:\Users\rahul\.m2\repository\io\opentelemetry\opentelemetry-sdk-extension-autoconfigure\1.26.0-alpha\opentelemetry-sdk-extension-autoconfigure-1.26.0-alpha.jar;C:\Users\rahul\.m2\repository\io\opentelemetry\opentelemetry-sdk-trace\1.26.0\opentelemetry-sdk-trace-1.26.0.jar;C:\Users\rahul\.m2\repository\io\opentelemetry\opentelemetry-sdk\1.26.0\opentelemetry-sdk-1.26.0.jar;C:\Users\rahul\.m2\repository\io\opentelemetry\opentelemetry-semconv\1.26.0-alpha\opentelemetry-semconv-1.26.0-alpha.jar;C:\Users\rahul\.m2\repository\net\bytebuddy\byte-buddy\1.14.4\byte-buddy-1.14.4.jar;C:\Users\rahul\.m2\repository\org\apache\commons\commons-exec\1.3\commons-exec-1.3.jar;C:\Users\rahul\.m2\repository\org\asynchttpclient\async-http-client\2.12.3\async-http-client-2.12.3.jar;C:\Users\rahul\.m2\repository\org\asynchttpclient\async-http-client-netty-utils\2.12.3\async-http-client-netty-utils-2.12.3.jar;C:\Users\rahul\.m2\repository\io\netty\netty-codec-socks\4.1.60.Final\netty-codec-socks-4.1.60.Final.jar;C:\Users\rahul\.m2\repository\io\netty\netty-handler-proxy\4.1.60.Final\netty-handler-proxy-4.1.60.Final.jar;C:\Users\rahul\.m2\repository\io\netty\netty-transport-native-epoll\4.1.60.Final\netty-transport-native-epoll-4.1.60.Final-linux-x86_64.jar;C:\Users\rahul\.m2\repository\io\netty\netty-transport-native-kqueue\4.1.60.Final\netty-transport-native-kqueue-4.1.60.Final-osx-x86_64.jar;C:\Users\rahul\.m2\repository\com\typesafe\netty\netty-reactive-streams\2.0.4\netty-reactive-streams-2.0.4.jar;C:\Users\rahul\.m2\repository\com\sun\activation\jakarta.activation\1.2.2\jakarta.activation-1.2.2.jar;C:\Users\rahul\.m2\repository\org\seleniumhq\selenium\selenium-http\4.11.0\selenium-http-4.11.0.jar;C:\Users\rahul\.m2\repository\dev\failsafe\failsafe\3.3.1\failsafe-3.3.1.jar;C:\Users\rahul\.m2\repository\org\seleniumhq\selenium\selenium-json\4.11.0\selenium-json-4.11.0.jar;C:\Users\rahul\.m2\repository\org\seleniumhq\selenium\selenium-manager\4.11.0\selenium-manager-4.11.0.jar;C:\Users\rahul\.m2\repository\org\seleniumhq\selenium\selenium-java\4.11.0\selenium-java-4.11.0.jar;C:\Users\rahul\.m2\repository\org\seleniumhq\selenium\selenium-chrome-driver\4.11.0\selenium-chrome-driver-4.11.0.jar;C:\Users\rahul\.m2\repository\org\seleniumhq\selenium\selenium-chromium-driver\4.11.0\selenium-chromium-driver-4.11.0.jar;C:\Users\rahul\.m2\repository\org\seleniumhq\selenium\selenium-devtools-v113\4.11.0\selenium-devtools-v113-4.11.0.jar;C:\Users\rahul\.m2\repository\org\seleniumhq\selenium\selenium-devtools-v114\4.11.0\selenium-devtools-v114-4.11.0.jar;C:\Users\rahul\.m2\repository\org\seleniumhq\selenium\selenium-devtools-v115\4.11.0\selenium-devtools-v115-4.11.0.jar;C:\Users\rahul\.m2\repository\org\seleniumhq\selenium\selenium-devtools-v85\4.11.0\selenium-devtools-v85-4.11.0.jar;C:\Users\rahul\.m2\repository\org\seleniumhq\selenium\selenium-edge-driver\4.11.0\selenium-edge-driver-4.11.0.jar;C:\Users\rahul\.m2\repository\org\seleniumhq\selenium\selenium-firefox-driver\4.11.0\selenium-firefox-driver-4.11.0.jar;C:\Users\rahul\.m2\repository\org\seleniumhq\selenium\selenium-ie-driver\4.11.0\selenium-ie-driver-4.11.0.jar;C:\Users\rahul\.m2\repository\org\seleniumhq\selenium\selenium-safari-driver\4.11.0\selenium-safari-driver-4.11.0.jar;C:\Users\rahul\.m2\repository\org\slf4j\slf4j-simple\2.0.9\slf4j-simple-2.0.9.jar;C:\Users\rahul\.m2\repository\io\qameta\allure\allure-testng\2.21.0\allure-testng-2.21.0.jar;C:\Users\rahul\.m2\repository\io\qameta\allure\allure-java-commons\2.21.0\allure-java-commons-2.21.0.jar;C:\Users\rahul\.m2\repository\io\qameta\allure\allure-model\2.21.0\allure-model-2.21.0.jar;C:\Users\rahul\.m2\repository\io\qameta\allure\allure-test-filter\2.21.0\allure-test-filter-2.21.0.jar
Launcher Type: SUN_STANDARD

[Global flags]
     intx CICompilerCount                          = 4                                         {product} {ergonomic}
     uint ConcGCThreads                            = 2                                         {product} {ergonomic}
     uint G1ConcRefinementThreads                  = 8                                         {product} {ergonomic}
   size_t G1HeapRegionSize                         = 1048576                                   {product} {ergonomic}
    uintx GCDrainStackTargetSize                   = 64                                        {product} {ergonomic}
   size_t InitialHeapSize                          = 132120576                                 {product} {ergonomic}
   size_t MarkStackSize                            = 4194304                                   {product} {ergonomic}
   size_t MaxHeapSize                              = 2095054848                                {product} {ergonomic}
   size_t MaxNewSize                               = 1256194048                                {product} {ergonomic}
   size_t MinHeapDeltaBytes                        = 1048576                                   {product} {ergonomic}
   size_t MinHeapSize                              = 8388608                                   {product} {ergonomic}
    uintx NonNMethodCodeHeapSize                   = 5839372                                {pd product} {ergonomic}
    uintx NonProfiledCodeHeapSize                  = 122909434                              {pd product} {ergonomic}
    uintx ProfiledCodeHeapSize                     = 122909434                              {pd product} {ergonomic}
    uintx ReservedCodeCacheSize                    = 251658240                              {pd product} {ergonomic}
     bool SegmentedCodeCache                       = true                                      {product} {ergonomic}
     bool ShowCodeDetailsInExceptionMessages       = true                                   {manageable} {command line}
   size_t SoftMaxHeapSize                          = 2095054848                             {manageable} {ergonomic}
     bool UseCompressedClassPointers               = true                           {product lp64_product} {ergonomic}
     bool UseCompressedOops                        = true                           {product lp64_product} {ergonomic}
     bool UseG1GC                                  = true                                      {product} {ergonomic}
     bool UseLargePagesIndividualAllocation        = false                                  {pd product} {ergonomic}

Logging:
Log output configuration:
 #0: stdout all=warning uptime,level,tags foldmultilines=false
 #1: stderr all=off uptime,level,tags foldmultilines=false

Environment Variables:
JAVA_HOME=C:\Program Files\Java\jdk-11.0.16
PATH=C:/Users/rahul/.p2/pool/plugins/org.eclipse.justj.openjdk.hotspot.jre.full.win32.x86_64_19.0.1.v20221102-1007/jre/bin/server;C:/Users/rahul/.p2/pool/plugins/org.eclipse.justj.openjdk.hotspot.jre.full.win32.x86_64_19.0.1.v20221102-1007/jre/bin;C:\Python311\Scripts\;C:\Python311\;C:\Program Files\Common Files\Oracle\Java\javapath;C:\WINDOWS\system32;C:\WINDOWS;C:\WINDOWS\System32\Wbem;C:\WINDOWS\System32\WindowsPowerShell\v1.0\;C:\WINDOWS\System32\OpenSSH\;C:\apache-maven-3.8.1-bin\apache-maven-3.8.1\bin;C:\Users\Lenovo\AppData\Local\Android\Sdk\platform-tools;C:\Users\Lenovo\AppData\Local\Android\Sdk\tools;C:\Users\Lenovo\AppData\Local\Android\Sdk\tools\bin;C:\Users\Lenovo\AppData\Roaming\npm;node_modules\npm\bin;C:\Users\Lenovo\AppData\Local\Android\Sdk\build-tools;C:\apache-jmeter-5.4.1\bin;C:\ProgramData\chocolatey\bin;C:\Program Files\Java\jdk-11.0.16\bin;C:\Users\Lenovo\AppData\Roaming\nvm;C:\Program Files\nodejs;C:\Users\Lenovo\AppData\Local\Android\Sdk\platform-tools;C:\Program Files\nodejs\;C:\Program Files\Docker\Docker\resources\bin;C:\Users\Lenovo\AppData\Local\Android\Sdk\emulator;C:\Users\Lenovo\AppData\Roaming\npm;C:\Users\rahul\AppData\Roaming\npm;C:\Users\rahul\AppData\Local\Microsoft\WindowsApps;C:\Users\rahul\AppData\Local\GitHubDesktop\bin;C:\Users\rahul\AppData\Local\Programs\Git\cmd;C:\Users\rahul\AppData\Roaming\npm;C:\Users\rahul\AppData\Local\Programs\Microsoft VS Code\bin;C:\Users\rahul\Desktop;
USERNAME=rahul
OS=Windows_NT
PROCESSOR_IDENTIFIER=Intel64 Family 6 Model 126 Stepping 5, GenuineIntel
TMP=C:\Users\rahul\AppData\Local\Temp
TEMP=C:\Users\rahul\AppData\Local\Temp



---------------  S Y S T E M  ---------------

OS:
 Windows 11 , 64 bit Build 22621 (10.0.22621.4974)
OS uptime: 7 days 21:22 hours
Hyper-V role detected

CPU: total 8 (initial active 8) (4 cores per cpu, 2 threads per core) family 6 model 126 stepping 5 microcode 0x86, cx8, cmov, fxsr, ht, mmx, 3dnowpref, sse, sse2, sse3, ssse3, sse4.1, sse4.2, popcnt, lzcnt, tsc, tscinvbit, avx, avx2, aes, erms, clmul, bmi1, bmi2, adx, avx512f, avx512dq, avx512cd, avx512bw, avx512vl, sha, fma, vzeroupper, avx512_vpopcntdq, avx512_vpclmulqdq, avx512_vaes, avx512_vnni, clflush, clflushopt, avx512_vbmi2, avx512_vbmi, hv, rdtscp, rdpid, fsrm, gfni, avx512_bitalg

Memory: 4k page, system-wide physical 7987M (366M free)
TotalPageFile size 24371M (AvailPageFile size 13M)
current process WorkingSet (physical memory assigned to process): 162M, peak: 162M
current process commit charge ("private bytes"): 192M, peak: 236M

vm_info: OpenJDK 64-Bit Server VM (19.0.1+10) for windows-amd64 JRE (19.0.1+10), built on 2022-10-18T00:00:00Z by "temurin" with MS VC++ 16.10 / 16.11 (VS2019)

END.
